2023-12-12 08:35:34,753 INFO Set uid to user 0 succeeded
2023-12-12 08:35:34,760 INFO supervisord started with pid 1
2023-12-12 08:35:35,767 INFO spawned: 'nginx' with pid 6
2023-12-12 08:35:35,779 INFO spawned: 'php-fpm' with pid 7
2023-12-12 08:35:36,845 INFO success: nginx entered RUNNING state, process has stayed up for > than 1 seconds (startsecs)
2023-12-12 08:35:36,846 INFO success: php-fpm entered RUNNING state, process has stayed up for > than 1 seconds (startsecs)
2023-12-12 08:36:39,219 INFO reaped unknown pid 274 (exit status 0)
2023-12-12 08:48:40,478 WARN received SIGQUIT indicating exit request
2023-12-12 08:48:40,480 INFO waiting for nginx, php-fpm to die
2023-12-12 08:48:40,523 INFO stopped: php-fpm (exit status 0)
2023-12-12 08:48:40,537 INFO stopped: nginx (exit status 0)
2023-12-12 08:48:49,005 INFO Set uid to user 0 succeeded
2023-12-12 08:48:49,009 INFO supervisord started with pid 1
2023-12-12 08:48:50,016 INFO spawned: 'nginx' with pid 7
2023-12-12 08:48:50,029 INFO spawned: 'php-fpm' with pid 8
2023-12-12 08:48:51,100 INFO success: nginx entered RUNNING state, process has stayed up for > than 1 seconds (startsecs)
2023-12-12 08:48:51,101 INFO success: php-fpm entered RUNNING state, process has stayed up for > than 1 seconds (startsecs)
2023-12-13 08:16:27,241 WARN received SIGQUIT indicating exit request
2023-12-13 08:16:27,243 INFO waiting for nginx, php-fpm to die
2023-12-13 08:16:27,285 INFO stopped: php-fpm (exit status 0)
2023-12-13 08:16:27,299 INFO stopped: nginx (exit status 0)
2023-12-13 08:16:27,967 INFO Set uid to user 0 succeeded
2023-12-13 08:16:27,970 INFO supervisord started with pid 1
2023-12-13 08:16:28,981 INFO spawned: 'nginx' with pid 7
2023-12-13 08:16:28,984 INFO spawned: 'php-fpm' with pid 8
2023-12-13 08:16:30,041 INFO success: nginx entered RUNNING state, process has stayed up for > than 1 seconds (startsecs)
2023-12-13 08:16:30,041 INFO success: php-fpm entered RUNNING state, process has stayed up for > than 1 seconds (startsecs)
2023-12-13 08:16:31,042 WARN received SIGQUIT indicating exit request
2023-12-13 08:16:31,042 INFO waiting for nginx, php-fpm to die
2023-12-13 08:16:31,050 INFO stopped: php-fpm (exit status 0)
2023-12-13 08:16:31,062 INFO stopped: nginx (exit status 0)
2023-12-13 08:16:39,802 INFO Set uid to user 0 succeeded
2023-12-13 08:16:39,805 INFO supervisord started with pid 1
2023-12-13 08:16:40,811 INFO spawned: 'nginx' with pid 7
2023-12-13 08:16:40,817 INFO spawned: 'php-fpm' with pid 8
2023-12-13 08:16:41,874 INFO success: nginx entered RUNNING state, process has stayed up for > than 1 seconds (startsecs)
2023-12-13 08:16:41,875 INFO success: php-fpm entered RUNNING state, process has stayed up for > than 1 seconds (startsecs)
2023-12-13 08:17:30,947 INFO reaped unknown pid 27 (exit status 0)
2023-12-13 08:19:02,072 INFO reaped unknown pid 82 (exit status 0)
2023-12-13 10:29:02,204 INFO reaped unknown pid 98 (exit status 0)
2023-12-13 10:35:24,979 INFO reaped unknown pid 110 (exit status 0)
2023-12-14 06:23:47,841 INFO Set uid to user 0 succeeded
2023-12-14 06:23:47,845 INFO supervisord started with pid 1
2023-12-14 06:23:48,848 INFO spawned: 'nginx' with pid 7
2023-12-14 06:23:48,853 INFO spawned: 'php-fpm' with pid 8
2023-12-14 06:23:49,994 INFO success: nginx entered RUNNING state, process has stayed up for > than 1 seconds (startsecs)
2023-12-14 06:23:49,995 INFO success: php-fpm entered RUNNING state, process has stayed up for > than 1 seconds (startsecs)
2023-12-15 09:54:35,996 INFO reaped unknown pid 72 (exit status 0)
2023-12-15 10:08:05,867 INFO reaped unknown pid 101 (exit status 0)
